<?xml version="1.0" encoding="UTF-8"?>
<!-- Generated by org.testng.reporters.JUnitReportReporter -->
<testsuite skipped="0" hostname="InfoMagnuss-MacBook-Pro.local" name="com.beekee.page.BeeKee_ForgotPasswordPage" tests="1" failures="0" timestamp="2021-04-17T19:05:46 IST" time="32.046" errors="1">
  <testcase name="TT" time="32.046" classname="com.beekee.page.BeeKee_ForgotPasswordPage">
    <error type="atu.testng.reports.exceptions.ATUReporterStepFailedException">
      <![CDATA[[ATU Custom Reporter Step Failed Exception]
at atu.testng.reports.listeners.ATUReportsListener.onTestSuccess(Unknown Source)
at org.testng.internal.TestListenerHelper.runTestListeners(TestListenerHelper.java:100)
at org.testng.internal.TestInvoker.runTestResultListener(TestInvoker.java:220)
at org.testng.internal.TestInvoker.invokeMethod(TestInvoker.java:657)
at org.testng.internal.TestInvoker.invokeTestMethod(TestInvoker.java:174)
at org.testng.internal.MethodRunner.runInSequence(MethodRunner.java:46)
at org.testng.internal.TestInvoker$MethodInvocationAgent.invoke(TestInvoker.java:822)
at org.testng.internal.TestInvoker.invokeTestMethods(TestInvoker.java:147)
at org.testng.internal.TestMethodWorker.invokeTestMethods(TestMethodWorker.java:146)
at org.testng.internal.TestMethodWorker.run(TestMethodWorker.java:128)
at java.util.ArrayList.forEach(ArrayList.java:1259)
at org.testng.TestRunner.privateRun(TestRunner.java:764)
at org.testng.TestRunner.run(TestRunner.java:585)
at org.testng.SuiteRunner.runTest(SuiteRunner.java:384)
at org.testng.SuiteRunner.runSequentially(SuiteRunner.java:378)
at org.testng.SuiteRunner.privateRun(SuiteRunner.java:337)
at org.testng.SuiteRunner.run(SuiteRunner.java:286)
at org.testng.SuiteRunnerWorker.runSuite(SuiteRunnerWorker.java:53)
at org.testng.SuiteRunnerWorker.run(SuiteRunnerWorker.java:96)
at org.testng.TestNG.runSuitesSequentially(TestNG.java:1218)
at org.testng.TestNG.runSuitesLocally(TestNG.java:1140)
at org.testng.TestNG.runSuites(TestNG.java:1069)
at org.testng.TestNG.run(TestNG.java:1037)
at org.testng.remote.AbstractRemoteTestNG.run(AbstractRemoteTestNG.java:115)
at org.testng.remote.RemoteTestNG.initAndRun(RemoteTestNG.java:251)
at org.testng.remote.RemoteTestNG.main(RemoteTestNG.java:77)
]]>
    </error>
  </testcase> <!-- TT -->
  <system-out>
STEP1 STEP2 STEP3 STEP4 STEP5 STEP6 STEP7 STEP8 STEP9 STEP10 STEP11 STEP12 STEP13 STEP14 STEP15  </system-out>
</testsuite> <!-- com.beekee.page.BeeKee_ForgotPasswordPage -->
