<?xml version="1.0" encoding="UTF-8"?>
<!-- Generated by org.testng.reporters.JUnitReportReporter -->
<testsuite skipped="0" hostname="InfoMagnuss-MacBook-Pro.local" name="com.beekee.agentapp.BeeKee_AgentApp_Support" tests="1" failures="0" timestamp="2021-04-14T19:19:55 IST" time="46.559" errors="0">
  <testcase name="BeeKee_AgentApp_VerifySupport" time="46.559" classname="com.beekee.agentapp.BeeKee_AgentApp_Support"/>
  <system-out>
STEP1 STEP2 STEP3 STEP4 STEP5 STEP6 STEP7 STEP8 STEP9 STEP10 STEP11 STEP12 STEP13 STEP14 STEP15 STEP16 STEP17  </system-out>
</testsuite> <!-- com.beekee.agentapp.BeeKee_AgentApp_Support -->
