<?xml version="1.0" encoding="UTF-8"?>
<!-- Generated by org.testng.reporters.JUnitReportReporter -->
<testsuite skipped="0" hostname="InfoMagnuss-MacBook-Pro.local" name="com.beekee.testsuite.grouping" tests="1" failures="0" timestamp="2021-04-18T18:46:58 IST" time="0.006" errors="0">
  <testcase name="T2" time="0.006" classname="com.beekee.testsuite.grouping"/>
  <system-out/>
</testsuite> <!-- com.beekee.testsuite.grouping -->
