<?xml version="1.0" encoding="UTF-8"?>
<!-- Generated by org.testng.reporters.JUnitReportReporter -->
<testsuite skipped="0" hostname="ITPL105" name="com.beekee.agentapp.Test" tests="1" failures="0" timestamp="2021-03-09T08:51:16 IST" time="0.007" errors="0">
  <testcase name="TT" time="0.007" classname="com.beekee.agentapp.Test"/>
  <system-out/>
</testsuite> <!-- com.beekee.agentapp.Test -->
