<?xml version="1.0" encoding="UTF-8"?>
<!-- Generated by org.testng.reporters.JUnitReportReporter -->
<testsuite skipped="0" hostname="ITPL105" name="com.beekee.page.BeeKee_InviteContact" tests="1" failures="0" timestamp="2021-03-12T22:15:04 IST" time="50.042" errors="0">
  <testcase name="D" time="50.042" classname="com.beekee.page.BeeKee_InviteContact"/>
  <system-out>
STEP1 STEP2 STEP3 STEP4 STEP5 STEP6 STEP7 STEP8 STEP9 STEP10 STEP11 STEP12 STEP13 STEP14 STEP15 STEP16  </system-out>
</testsuite> <!-- com.beekee.page.BeeKee_InviteContact -->
