<?xml version="1.0" encoding="UTF-8"?>
<!-- Generated by org.testng.reporters.JUnitReportReporter -->
<testsuite skipped="0" hostname="ITPL105" name="Test.Login" tests="1" failures="0" timestamp="2021-02-18T16:32:32 IST" time="35.802" errors="0">
  <testcase name="loginToApplication" time="35.802" classname="Test.Login"/>
  <system-out>
STEP1 STEP2 STEP3 STEP4 STEP5 STEP6 STEP7 STEP8 STEP9 STEP10 STEP11 STEP12  </system-out>
</testsuite> <!-- Test.Login -->
