<?xml version="1.0" encoding="UTF-8"?>
<!-- Generated by org.testng.reporters.JUnitReportReporter -->
<testsuite skipped="0" hostname="ITPL105" name="com.beekee.page.BeeKee_InviteEmailContactPage" tests="1" failures="0" timestamp="2021-03-15T11:01:38 IST" time="94.745" errors="0">
  <testcase name="dd" time="94.745" classname="com.beekee.page.BeeKee_InviteEmailContactPage"/>
  <system-out>
STEP1 STEP2 STEP3 STEP4 STEP5 STEP6 STEP7 STEP8 STEP9 STEP10 STEP11 STEP12 STEP13 STEP14 STEP15 STEP16 STEP17 STEP18 STEP19 STEP20 STEP21 STEP22 STEP23 STEP24 STEP25 STEP26 STEP27 STEP28 STEP29 STEP30 STEP31 STEP32 STEP33 STEP34 STEP35 STEP36 STEP37 STEP38 STEP39  </system-out>
</testsuite> <!-- com.beekee.page.BeeKee_InviteEmailContactPage -->
