<?xml version="1.0" encoding="UTF-8"?>
<!-- Generated by org.testng.reporters.JUnitReportReporter -->
<testsuite skipped="10" hostname="ITPL105" name="com.beekee.testsuite.BeeKee_AgentApp_TestSuite" tests="14" failures="0" timestamp="2021-03-23T20:06:58 IST" time="243.144" errors="0">
  <testcase name="BeeKee_AgentApp_SendInvites_FilterPendingInvites_FilterByUser" time="79.622" classname="com.beekee.testsuite.BeeKee_AgentApp_TestSuite"/>
  <system-out>
STEP1 STEP2 STEP3 STEP4 STEP5 STEP6 STEP7 STEP8 STEP9 STEP10 STEP11 STEP12 STEP13 STEP14 STEP15 STEP16 STEP17 STEP18 STEP19 STEP20 STEP21 STEP22 STEP23 STEP24 STEP25 STEP26 STEP27 STEP28 STEP29 STEP30 STEP31 STEP32 STEP33 STEP34 STEP35 STEP36 STEP37 STEP38 STEP39  </system-out>
  <testcase name="BeeKee_AgentApp_SendInvites_FilterPendingInvites_FilterByTimeSent" time="59.004" classname="com.beekee.testsuite.BeeKee_AgentApp_TestSuite"/>
  <system-out>
STEP40 STEP41 STEP42 STEP43 STEP44 STEP45 STEP46 STEP47 STEP48 STEP49 STEP50 STEP51 STEP52 STEP53 STEP54 STEP55 STEP56 STEP57 STEP58 STEP59 STEP60 STEP61 STEP62 STEP63 STEP64 STEP65 STEP66 STEP67 STEP68 STEP69 STEP70 STEP71  </system-out>
  <testcase name="BeeKee_AgentApp_ReceivedInvites_FilterPendingInvites_FilterByUser" time="49.287" classname="com.beekee.testsuite.BeeKee_AgentApp_TestSuite"/>
  <system-out>
STEP72 STEP73 STEP74 STEP75 STEP76 STEP77 STEP78 STEP79 STEP80 STEP81 STEP82 STEP83 STEP84 STEP85 STEP86 STEP87 STEP88 STEP89 STEP90 STEP91 STEP92 STEP93 STEP94 STEP95 STEP96 STEP97 STEP98 STEP99 STEP100  </system-out>
  <testcase name="BeeKee_AgentApp_ReceivedInvites_FilterPendingInvites_FilterByTimeSent" time="55.231" classname="com.beekee.testsuite.BeeKee_AgentApp_TestSuite"/>
  <system-out>
STEP101 STEP102 STEP103 STEP104 STEP105 STEP106 STEP107 STEP108 STEP109 STEP110 STEP111 STEP112 STEP113 STEP114 STEP115 STEP116 STEP117 STEP118 STEP119 STEP120 STEP121 STEP122 STEP123 STEP124 STEP125 STEP126 STEP127 STEP128 STEP129 STEP130 STEP131 STEP132  </system-out>
  <testcase name="BeeKee_AgentApp_LogOut" classname="com.beekee.testsuite.BeeKee_AgentApp_TestSuite">
    <skipped/>
  </testcase> <!-- BeeKee_AgentApp_LogOut -->
  <system-out/>
  <testcase name="BeeKee_AgentApp_SignUpWithValidDetails" classname="com.beekee.testsuite.BeeKee_AgentApp_TestSuite">
    <skipped/>
  </testcase> <!-- BeeKee_AgentApp_SignUpWithValidDetails -->
  <system-out/>
  <testcase name="BeeKee_AgentApp_SendInvites_RESEND" classname="com.beekee.testsuite.BeeKee_AgentApp_TestSuite">
    <skipped/>
  </testcase> <!-- BeeKee_AgentApp_SendInvites_RESEND -->
  <system-out/>
  <testcase name="BeeKee_AgentApp_SendInvites_DELETE_ALL" classname="com.beekee.testsuite.BeeKee_AgentApp_TestSuite">
    <skipped/>
  </testcase> <!-- BeeKee_AgentApp_SendInvites_DELETE_ALL -->
  <system-out/>
  <testcase name="BeeKee_AgentApp_SendInvite_EmailContact" classname="com.beekee.testsuite.BeeKee_AgentApp_TestSuite">
    <skipped/>
  </testcase> <!-- BeeKee_AgentApp_SendInvite_EmailContact -->
  <system-out/>
  <testcase name="BeeKee_AgentApp_SendInvites_DELETE_ALL_DISCARD" classname="com.beekee.testsuite.BeeKee_AgentApp_TestSuite">
    <skipped/>
  </testcase> <!-- BeeKee_AgentApp_SendInvites_DELETE_ALL_DISCARD -->
  <system-out/>
  <testcase name="BeeKee_AgentApp_SendInvites_RESEND_ALL_DISCARD" classname="com.beekee.testsuite.BeeKee_AgentApp_TestSuite">
    <skipped/>
  </testcase> <!-- BeeKee_AgentApp_SendInvites_RESEND_ALL_DISCARD -->
  <system-out/>
  <testcase name="BeeKee_AgentApp_ForgotPassword" classname="com.beekee.testsuite.BeeKee_AgentApp_TestSuite">
    <skipped/>
  </testcase> <!-- BeeKee_AgentApp_ForgotPassword -->
  <system-out/>
  <testcase name="BeeKee_AgentApp_SendInvites_DELETE" classname="com.beekee.testsuite.BeeKee_AgentApp_TestSuite">
    <skipped/>
  </testcase> <!-- BeeKee_AgentApp_SendInvites_DELETE -->
  <system-out/>
  <testcase name="BeeKee_AgentApp_SendInvites_RESEND_ALL" classname="com.beekee.testsuite.BeeKee_AgentApp_TestSuite">
    <skipped/>
  </testcase> <!-- BeeKee_AgentApp_SendInvites_RESEND_ALL -->
  <system-out/>
</testsuite> <!-- com.beekee.testsuite.BeeKee_AgentApp_TestSuite -->
