<?xml version="1.0" encoding="UTF-8"?>
<!-- Generated by org.testng.reporters.JUnitReportReporter -->
<testsuite skipped="6" hostname="InfoMagnuss-MacBook-Pro.local" name="com.beekee.agentapp.BeeKee_AgentApp_MyNetwork" tests="9" failures="0" timestamp="2021-04-18T17:26:07 IST" time="43.201" errors="0">
  <testcase name="BeeKee_AgentApp_MyNetWork_HomeownerUserList" time="12.837" classname="com.beekee.agentapp.BeeKee_AgentApp_MyNetwork"/>
  <system-out>
STEP8 STEP9 STEP10 STEP11 STEP12 STEP13  </system-out>
  <testcase name="BeeKee_AgentApp_MyNetWork_ProfessionalUserList" time="19.424" classname="com.beekee.agentapp.BeeKee_AgentApp_MyNetwork"/>
  <system-out>
STEP14 STEP15 STEP16 STEP17 STEP18  </system-out>
  <testcase name="BeeKee_AgentApp_MyNetWork_AgentUserList" time="10.940" classname="com.beekee.agentapp.BeeKee_AgentApp_MyNetwork"/>
  <system-out>
STEP19 STEP20 STEP21 STEP22 STEP23  </system-out>
  <testcase name="BeeKee_AgentApp_MyNetWork_InvitePhoneContact_HomeOwner" classname="com.beekee.agentapp.BeeKee_AgentApp_MyNetwork">
    <skipped/>
  </testcase> <!-- BeeKee_AgentApp_MyNetWork_InvitePhoneContact_HomeOwner -->
  <system-out/>
  <testcase name="BeeKee_AgentApp_MyNetWork_InvitePhoneContact_Agent" classname="com.beekee.agentapp.BeeKee_AgentApp_MyNetwork">
    <skipped/>
  </testcase> <!-- BeeKee_AgentApp_MyNetWork_InvitePhoneContact_Agent -->
  <system-out/>
  <testcase name="BeeKee_AgentApp_MyNetWork_InviteEmailContact_HomeOwner" classname="com.beekee.agentapp.BeeKee_AgentApp_MyNetwork">
    <skipped/>
  </testcase> <!-- BeeKee_AgentApp_MyNetWork_InviteEmailContact_HomeOwner -->
  <system-out/>
  <testcase name="BeeKee_AgentApp_MyNetWork_InviteEmailContact_Agent" classname="com.beekee.agentapp.BeeKee_AgentApp_MyNetwork">
    <skipped/>
  </testcase> <!-- BeeKee_AgentApp_MyNetWork_InviteEmailContact_Agent -->
  <system-out/>
  <testcase name="BeeKee_AgentApp_MyNetWork_InviteEmailContact_Professionals" classname="com.beekee.agentapp.BeeKee_AgentApp_MyNetwork">
    <skipped/>
  </testcase> <!-- BeeKee_AgentApp_MyNetWork_InviteEmailContact_Professionals -->
  <system-out/>
  <testcase name="BeeKee_AgentApp_MyNetWork_InvitePhoneContact_Professionals" classname="com.beekee.agentapp.BeeKee_AgentApp_MyNetwork">
    <skipped/>
  </testcase> <!-- BeeKee_AgentApp_MyNetWork_InvitePhoneContact_Professionals -->
  <system-out/>
</testsuite> <!-- com.beekee.agentapp.BeeKee_AgentApp_MyNetwork -->
