<?xml version="1.0" encoding="UTF-8"?>
<!-- Generated by org.testng.reporters.JUnitReportReporter -->
<testsuite skipped="0" hostname="ITPL105" name="com.beekee.helpers.RestAssuredGetElementValue" tests="1" failures="0" timestamp="2021-03-03T13:48:10 IST" time="2.404" errors="0">
  <testcase name="getootp" time="2.404" classname="com.beekee.helpers.RestAssuredGetElementValue"/>
  <system-out/>
</testsuite> <!-- com.beekee.helpers.RestAssuredGetElementValue -->
