<?xml version="1.0" encoding="UTF-8"?>
<!-- Generated by org.testng.reporters.JUnitReportReporter -->
<testsuite skipped="0" hostname="InfoMagnuss-MacBook-Pro.local" name="com.beekee.agentapp.BeeKee_AgentApp_Invites_InviteEmailContact" tests="3" failures="0" timestamp="2021-04-18T16:39:33 IST" time="139.861" errors="0">
  <testcase name="BeeKee_AgentApp_Invites_InviteEmailContact_AgentUser" time="36.368" classname="com.beekee.agentapp.BeeKee_AgentApp_Invites_InviteEmailContact"/>
  <system-out>
STEP8 STEP9 STEP10 STEP11 STEP12 STEP13 STEP14 STEP15 STEP16 STEP17 STEP18 STEP19 STEP20 STEP21 STEP22 STEP23 STEP24 STEP25 STEP26 STEP27 STEP28 STEP29 STEP30 STEP31 STEP32 STEP33 STEP34 STEP35  </system-out>
  <testcase name="BeeKee_AgentApp_Invites_InviteEmailContact_HomeOwner" time="73.355" classname="com.beekee.agentapp.BeeKee_AgentApp_Invites_InviteEmailContact"/>
  <system-out>
STEP36 STEP37 STEP38 STEP39 STEP40 STEP41 STEP42 STEP43 STEP44 STEP45 STEP46 STEP47 STEP48 STEP49 STEP50 STEP51 STEP52 STEP53 STEP54 STEP55 STEP56 STEP57 STEP58 STEP59 STEP60 STEP61 STEP62 STEP63  </system-out>
  <testcase name="BeeKee_AgentApp_Invites_InviteEmailContact_Professional" time="30.138" classname="com.beekee.agentapp.BeeKee_AgentApp_Invites_InviteEmailContact"/>
  <system-out>
STEP64 STEP65 STEP66 STEP67 STEP68 STEP69 STEP70 STEP71 STEP72 STEP73 STEP74 STEP75 STEP76 STEP77 STEP78 STEP79 STEP80 STEP81 STEP82 STEP83 STEP84 STEP85  </system-out>
</testsuite> <!-- com.beekee.agentapp.BeeKee_AgentApp_Invites_InviteEmailContact -->
