<?xml version="1.0" encoding="UTF-8"?>
<!-- Generated by org.testng.reporters.JUnitReportReporter -->
<testsuite skipped="8" hostname="ITPL105" name="com.beekee.agentapp.BeeKee_AgentApp_SignIn" tests="9" failures="0" timestamp="2021-03-11T19:41:50 IST" time="61.258" errors="1">
  <testcase name="BeeKee_AgentApp_signIn_Save_Username_Password" time="61.258" classname="com.beekee.agentapp.BeeKee_AgentApp_SignIn">
    <error type="atu.testng.reports.exceptions.ATUReporterStepFailedException">
      <![CDATA[[ATU Custom Reporter Step Failed Exception]
at atu.testng.reports.listeners.ATUReportsListener.onTestSuccess(Unknown Source)
at org.testng.internal.TestListenerHelper.runTestListeners(TestListenerHelper.java:100)
at org.testng.internal.TestInvoker.runTestResultListener(TestInvoker.java:220)
at org.testng.internal.TestInvoker.invokeMethod(TestInvoker.java:657)
at org.testng.internal.TestInvoker.invokeTestMethod(TestInvoker.java:174)
at org.testng.internal.MethodRunner.runInSequence(MethodRunner.java:46)
at org.testng.internal.TestInvoker$MethodInvocationAgent.invoke(TestInvoker.java:822)
at org.testng.internal.TestInvoker.invokeTestMethods(TestInvoker.java:147)
at org.testng.internal.TestMethodWorker.invokeTestMethods(TestMethodWorker.java:146)
at org.testng.internal.TestMethodWorker.run(TestMethodWorker.java:128)
at java.util.ArrayList.forEach(Unknown Source)
at org.testng.TestRunner.privateRun(TestRunner.java:764)
at org.testng.TestRunner.run(TestRunner.java:585)
at org.testng.SuiteRunner.runTest(SuiteRunner.java:384)
at org.testng.SuiteRunner.runSequentially(SuiteRunner.java:378)
at org.testng.SuiteRunner.privateRun(SuiteRunner.java:337)
at org.testng.SuiteRunner.run(SuiteRunner.java:286)
at org.testng.SuiteRunnerWorker.runSuite(SuiteRunnerWorker.java:53)
at org.testng.SuiteRunnerWorker.run(SuiteRunnerWorker.java:96)
at org.testng.TestNG.runSuitesSequentially(TestNG.java:1218)
at org.testng.TestNG.runSuitesLocally(TestNG.java:1140)
at org.testng.TestNG.runSuites(TestNG.java:1069)
at org.testng.TestNG.run(TestNG.java:1037)
at org.testng.remote.AbstractRemoteTestNG.run(AbstractRemoteTestNG.java:115)
at org.testng.remote.RemoteTestNG.initAndRun(RemoteTestNG.java:251)
at org.testng.remote.RemoteTestNG.main(RemoteTestNG.java:77)
]]>
    </error>
  </testcase> <!-- BeeKee_AgentApp_signIn_Save_Username_Password -->
  <system-out>
STEP1 STEP2 STEP3 STEP4 STEP5 STEP6 STEP7 STEP8 STEP9 STEP10 STEP11 STEP12 STEP13 STEP14 STEP15 STEP16  </system-out>
  <testcase name="BeeKee_AgentApp_signIn_Valid_Username_InValid_Password" classname="com.beekee.agentapp.BeeKee_AgentApp_SignIn">
    <skipped/>
  </testcase> <!-- BeeKee_AgentApp_signIn_Valid_Username_InValid_Password -->
  <system-out/>
  <testcase name="BeeKee_AgentApp_signIn_Invalid_Username_Valid_Password" classname="com.beekee.agentapp.BeeKee_AgentApp_SignIn">
    <skipped/>
  </testcase> <!-- BeeKee_AgentApp_signIn_Invalid_Username_Valid_Password -->
  <system-out/>
  <testcase name="BeeKee_AgentApp_signIn_ShowHidePassword" classname="com.beekee.agentapp.BeeKee_AgentApp_SignIn">
    <skipped/>
  </testcase> <!-- BeeKee_AgentApp_signIn_ShowHidePassword -->
  <system-out/>
  <testcase name="BeeKee_AgentApp_signIn_Only_Password" classname="com.beekee.agentapp.BeeKee_AgentApp_SignIn">
    <skipped/>
  </testcase> <!-- BeeKee_AgentApp_signIn_Only_Password -->
  <system-out/>
  <testcase name="BeeKee_AgentApp_signIn_Cancel_EditUsername" classname="com.beekee.agentapp.BeeKee_AgentApp_SignIn">
    <skipped/>
  </testcase> <!-- BeeKee_AgentApp_signIn_Cancel_EditUsername -->
  <system-out/>
  <testcase name="BeeKee_AgentApp_signIn_Invalid_Username_Password" classname="com.beekee.agentapp.BeeKee_AgentApp_SignIn">
    <skipped/>
  </testcase> <!-- BeeKee_AgentApp_signIn_Invalid_Username_Password -->
  <system-out/>
  <testcase name="BeeKee_AgentApp_signIn_Only_Username" classname="com.beekee.agentapp.BeeKee_AgentApp_SignIn">
    <skipped/>
  </testcase> <!-- BeeKee_AgentApp_signIn_Only_Username -->
  <system-out/>
  <testcase name="BeeKee_AgentApp_signIn_Empty_Username_Password" classname="com.beekee.agentapp.BeeKee_AgentApp_SignIn">
    <skipped/>
  </testcase> <!-- BeeKee_AgentApp_signIn_Empty_Username_Password -->
  <system-out/>
</testsuite> <!-- com.beekee.agentapp.BeeKee_AgentApp_SignIn -->
