<?xml version="1.0" encoding="UTF-8"?>
<!-- Generated by org.testng.reporters.JUnitReportReporter -->
<testsuite skipped="2" hostname="InfoMagnuss-MacBook-Pro.local" name="com.beekee.agentapp.BeeKee_AgentApp_ReceiveInvite" tests="3" failures="1" timestamp="2021-04-16T19:53:38 IST" time="9.980" errors="0">
  <testcase name="BeeKee_AgentApp_Invites_ReceiveInvites_ACCEPTALL" time="9.980" classname="com.beekee.agentapp.BeeKee_AgentApp_ReceiveInvite">
    <failure type="java.lang.AssertionError" message="No Pending Received Invites to perform Accept/Decline  0">
      <![CDATA[java.lang.AssertionError: No Pending Received Invites to perform Accept/Decline  0
at org.testng.Assert.fail(Assert.java:99)
at com.beekee.page.BeeKee_ReceiveInvitesPage.verifyReceivedInvitesAction(BeeKee_ReceiveInvitesPage.java:45)
at com.beekee.agentapp.BeeKee_AgentApp_ReceiveInvite.BeeKee_AgentApp_Invites_ReceiveInvites_ACCEPTALL(BeeKee_AgentApp_ReceiveInvite.java:70)
at sun.reflect.NativeMethodAccessorImpl.invoke0(Native Method)
at sun.reflect.NativeMethodAccessorImpl.invoke(NativeMethodAccessorImpl.java:62)
at sun.reflect.DelegatingMethodAccessorImpl.invoke(DelegatingMethodAccessorImpl.java:43)
at java.lang.reflect.Method.invoke(Method.java:498)
at org.testng.internal.MethodInvocationHelper.invokeMethod(MethodInvocationHelper.java:132)
at org.testng.internal.TestInvoker.invokeMethod(TestInvoker.java:599)
at org.testng.internal.TestInvoker.invokeTestMethod(TestInvoker.java:174)
at org.testng.internal.MethodRunner.runInSequence(MethodRunner.java:46)
at org.testng.internal.TestInvoker$MethodInvocationAgent.invoke(TestInvoker.java:822)
at org.testng.internal.TestInvoker.invokeTestMethods(TestInvoker.java:147)
at org.testng.internal.TestMethodWorker.invokeTestMethods(TestMethodWorker.java:146)
at org.testng.internal.TestMethodWorker.run(TestMethodWorker.java:128)
at java.util.ArrayList.forEach(ArrayList.java:1259)
at org.testng.TestRunner.privateRun(TestRunner.java:764)
at org.testng.TestRunner.run(TestRunner.java:585)
at org.testng.SuiteRunner.runTest(SuiteRunner.java:384)
at org.testng.SuiteRunner.runSequentially(SuiteRunner.java:378)
at org.testng.SuiteRunner.privateRun(SuiteRunner.java:337)
at org.testng.SuiteRunner.run(SuiteRunner.java:286)
at org.testng.SuiteRunnerWorker.runSuite(SuiteRunnerWorker.java:53)
at org.testng.SuiteRunnerWorker.run(SuiteRunnerWorker.java:96)
at org.testng.TestNG.runSuitesSequentially(TestNG.java:1218)
at org.testng.TestNG.runSuitesLocally(TestNG.java:1140)
at org.testng.TestNG.runSuites(TestNG.java:1069)
at org.testng.TestNG.run(TestNG.java:1037)
at org.testng.remote.AbstractRemoteTestNG.run(AbstractRemoteTestNG.java:115)
at org.testng.remote.RemoteTestNG.initAndRun(RemoteTestNG.java:251)
at org.testng.remote.RemoteTestNG.main(RemoteTestNG.java:77)
]]>
    </failure>
  </testcase> <!-- BeeKee_AgentApp_Invites_ReceiveInvites_ACCEPTALL -->
  <system-out>
STEP8 STEP9 STEP10 STEP11 STEP12 STEP13 STEP14 STEP15 STEP16 STEP17 STEP18  </system-out>
  <testcase name="BeeKee_AgentApp_Invites_ReceiveInvites_ACCEPT" classname="com.beekee.agentapp.BeeKee_AgentApp_ReceiveInvite">
    <skipped/>
  </testcase> <!-- BeeKee_AgentApp_Invites_ReceiveInvites_ACCEPT -->
  <system-out/>
  <testcase name="BeeKee_AgentApp_Invites_ReceiveInvites_DECLINE" classname="com.beekee.agentapp.BeeKee_AgentApp_ReceiveInvite">
    <skipped/>
  </testcase> <!-- BeeKee_AgentApp_Invites_ReceiveInvites_DECLINE -->
  <system-out/>
</testsuite> <!-- com.beekee.agentapp.BeeKee_AgentApp_ReceiveInvite -->
