<?xml version="1.0" encoding="UTF-8"?>
<!-- Generated by org.testng.reporters.JUnitReportReporter -->
<testsuite skipped="0" hostname="ITPL105" name="com.beekee.page.BeeKee_LoginPage" tests="1" failures="0" timestamp="2021-02-18T19:08:28 IST" time="0.016" errors="0">
  <testcase name="tt" time="0.016" classname="com.beekee.page.BeeKee_LoginPage"/>
  <system-out/>
</testsuite> <!-- com.beekee.page.BeeKee_LoginPage -->
