<?xml version="1.0" encoding="UTF-8"?>
<!-- Generated by org.testng.reporters.JUnitReportReporter -->
<testsuite skipped="2" hostname="InfoMagnuss-MacBook-Pro.local" name="com.beekee.agentapp.BeeKee_AgentApp_MyProfile" tests="3" failures="0" timestamp="2021-04-16T20:05:43 IST" time="28.117" errors="0">
  <testcase name="BeeKee_AgentApp_MyProfile_UpdateBusinessInfo" time="28.117" classname="com.beekee.agentapp.BeeKee_AgentApp_MyProfile"/>
  <system-out>
STEP8 STEP9 STEP10 STEP11 STEP12 STEP13 STEP14 STEP15 STEP16 STEP17 STEP18 STEP19 STEP20 STEP21 STEP22 STEP23 STEP24 STEP25 STEP26 STEP27  </system-out>
  <testcase name="BeeKee_AgentApp_MyProfile_UploadProfilePicUsingGallery" classname="com.beekee.agentapp.BeeKee_AgentApp_MyProfile">
    <skipped/>
  </testcase> <!-- BeeKee_AgentApp_MyProfile_UploadProfilePicUsingGallery -->
  <system-out/>
  <testcase name="BeeKee_AgentApp_MyProfile_UploadProfilePicUsingCamera" classname="com.beekee.agentapp.BeeKee_AgentApp_MyProfile">
    <skipped/>
  </testcase> <!-- BeeKee_AgentApp_MyProfile_UploadProfilePicUsingCamera -->
  <system-out/>
</testsuite> <!-- com.beekee.agentapp.BeeKee_AgentApp_MyProfile -->
