<?xml version="1.0" encoding="UTF-8"?>
<!-- Generated by org.testng.reporters.JUnitReportReporter -->
<testsuite skipped="0" hostname="InfoMagnuss-MacBook-Pro.local" name="com.beekee.helpers.API_Yopmail" tests="1" failures="0" timestamp="2021-04-17T18:55:28 IST" time="2.097" errors="0">
  <testcase name="T" time="2.097" classname="com.beekee.helpers.API_Yopmail"/>
  <system-out/>
</testsuite> <!-- com.beekee.helpers.API_Yopmail -->
