<?xml version="1.0" encoding="UTF-8"?>
<!-- Generated by org.testng.reporters.JUnitReportReporter -->
<testsuite skipped="0" hostname="InfoMagnuss-MacBook-Pro.local" name="com.beekee.page.BeeKee_SignInPage" tests="1" failures="0" timestamp="2021-04-17T16:43:40 IST" time="17.838" errors="0">
  <testcase name="TT" time="17.838" classname="com.beekee.page.BeeKee_SignInPage"/>
  <system-out>
STEP1 STEP2 STEP3 STEP4 STEP5  </system-out>
</testsuite> <!-- com.beekee.page.BeeKee_SignInPage -->
