<?xml version="1.0" encoding="UTF-8"?>
<!-- Generated by org.testng.reporters.JUnitReportReporter -->
<testsuite skipped="35" hostname="InfoMagnuss-MacBook-Pro.local" name="com.beekee.testsuite.BeeKee_AgentApp_TestSuite_LoginWithDataUser" tests="37" failures="0" timestamp="2021-04-20T11:45:51 IST" time="110.182" errors="0">
  <testcase name="BeeKee_AgentApp_MyProfile_UploadProfilePicUsingCamera" time="57.058" classname="com.beekee.testsuite.BeeKee_AgentApp_TestSuite_LoginWithDataUser"/>
  <system-out>
STEP6 STEP7 STEP8 STEP9 STEP10 STEP11 STEP12 STEP13  </system-out>
  <testcase name="BeeKee_AgentApp_MyProfile_UploadProfilePicUsingGallery" time="53.124" classname="com.beekee.testsuite.BeeKee_AgentApp_TestSuite_LoginWithDataUser"/>
  <system-out>
STEP27 STEP28 STEP29 STEP30 STEP31 STEP32 STEP33 STEP34 STEP35 STEP36 STEP37  </system-out>
  <testcase name="BeeKee_AgentApp_NavigateToMyProfile" classname="com.beekee.testsuite.BeeKee_AgentApp_TestSuite_LoginWithDataUser">
    <skipped/>
  </testcase> <!-- BeeKee_AgentApp_NavigateToMyProfile -->
  <system-out/>
  <testcase name="BeeKee_AgentApp_MyProfile_verifySavedBusinessInfo" classname="com.beekee.testsuite.BeeKee_AgentApp_TestSuite_LoginWithDataUser">
    <skipped/>
  </testcase> <!-- BeeKee_AgentApp_MyProfile_verifySavedBusinessInfo -->
  <system-out/>
  <testcase name="BeeKee_AgentApp_SendInvites_FilterPendingInvites_FilterByUser" classname="com.beekee.testsuite.BeeKee_AgentApp_TestSuite_LoginWithDataUser">
    <skipped/>
  </testcase> <!-- BeeKee_AgentApp_SendInvites_FilterPendingInvites_FilterByUser -->
  <system-out/>
  <testcase name="BeeKee_AgentApp_NavigateToTermsAndConditions" classname="com.beekee.testsuite.BeeKee_AgentApp_TestSuite_LoginWithDataUser">
    <skipped/>
  </testcase> <!-- BeeKee_AgentApp_NavigateToTermsAndConditions -->
  <system-out/>
  <testcase name="BeeKee_AgentApp_Invites_SentInvites_DELETEALL_CANCEL" classname="com.beekee.testsuite.BeeKee_AgentApp_TestSuite_LoginWithDataUser">
    <skipped/>
  </testcase> <!-- BeeKee_AgentApp_Invites_SentInvites_DELETEALL_CANCEL -->
  <system-out/>
  <testcase name="BeeKee_AgentApp_NavigateToDashboard" classname="com.beekee.testsuite.BeeKee_AgentApp_TestSuite_LoginWithDataUser">
    <skipped/>
  </testcase> <!-- BeeKee_AgentApp_NavigateToDashboard -->
  <system-out/>
  <testcase name="BeeKee_AgentApp_Invites_InvitePhoneContact_AgentUser" classname="com.beekee.testsuite.BeeKee_AgentApp_TestSuite_LoginWithDataUser">
    <skipped/>
  </testcase> <!-- BeeKee_AgentApp_Invites_InvitePhoneContact_AgentUser -->
  <system-out/>
  <testcase name="BeeKee_AgentApp_Invites_SentInvites_VerifyPage" classname="com.beekee.testsuite.BeeKee_AgentApp_TestSuite_LoginWithDataUser">
    <skipped/>
  </testcase> <!-- BeeKee_AgentApp_Invites_SentInvites_VerifyPage -->
  <system-out/>
  <testcase name="BeeKee_AgentApp_NavigateToPrivacyPolicy" classname="com.beekee.testsuite.BeeKee_AgentApp_TestSuite_LoginWithDataUser">
    <skipped/>
  </testcase> <!-- BeeKee_AgentApp_NavigateToPrivacyPolicy -->
  <system-out/>
  <testcase name="BeeKee_AgentApp_Invites_InviteEmailContact_HomeOwner" classname="com.beekee.testsuite.BeeKee_AgentApp_TestSuite_LoginWithDataUser">
    <skipped/>
  </testcase> <!-- BeeKee_AgentApp_Invites_InviteEmailContact_HomeOwner -->
  <system-out/>
  <testcase name="BeeKee_AgentApp_Invites_SentInvites_RESENDALL" classname="com.beekee.testsuite.BeeKee_AgentApp_TestSuite_LoginWithDataUser">
    <skipped/>
  </testcase> <!-- BeeKee_AgentApp_Invites_SentInvites_RESENDALL -->
  <system-out/>
  <testcase name="BeeKee_AgentApp_SendInvites_FilterPendingInvites_FilterByTimeSent" classname="com.beekee.testsuite.BeeKee_AgentApp_TestSuite_LoginWithDataUser">
    <skipped/>
  </testcase> <!-- BeeKee_AgentApp_SendInvites_FilterPendingInvites_FilterByTimeSent -->
  <system-out/>
  <testcase name="BeeKee_AgentApp_Invites_SentInvites_RESEND" classname="com.beekee.testsuite.BeeKee_AgentApp_TestSuite_LoginWithDataUser">
    <skipped/>
  </testcase> <!-- BeeKee_AgentApp_Invites_SentInvites_RESEND -->
  <system-out/>
  <testcase name="BeeKee_AgentApp_HumbargMenu_VerifyOptions" classname="com.beekee.testsuite.BeeKee_AgentApp_TestSuite_LoginWithDataUser">
    <skipped/>
  </testcase> <!-- BeeKee_AgentApp_HumbargMenu_VerifyOptions -->
  <system-out/>
  <testcase name="BeeKee_AgentApp_Invites_ReceiveInvites_DECLINE" classname="com.beekee.testsuite.BeeKee_AgentApp_TestSuite_LoginWithDataUser">
    <skipped/>
  </testcase> <!-- BeeKee_AgentApp_Invites_ReceiveInvites_DECLINE -->
  <system-out/>
  <testcase name="BeeKee_AgentApp_NavigateToMyGallery" classname="com.beekee.testsuite.BeeKee_AgentApp_TestSuite_LoginWithDataUser">
    <skipped/>
  </testcase> <!-- BeeKee_AgentApp_NavigateToMyGallery -->
  <system-out/>
  <testcase name="BeeKee_AgentApp_NavigateToFAQ" classname="com.beekee.testsuite.BeeKee_AgentApp_TestSuite_LoginWithDataUser">
    <skipped/>
  </testcase> <!-- BeeKee_AgentApp_NavigateToFAQ -->
  <system-out/>
  <testcase name="BeeKee_AgentApp_ReceivedInvites_FilterPendingInvites_FilterByTimeSent" classname="com.beekee.testsuite.BeeKee_AgentApp_TestSuite_LoginWithDataUser">
    <skipped/>
  </testcase> <!-- BeeKee_AgentApp_ReceivedInvites_FilterPendingInvites_FilterByTimeSent -->
  <system-out/>
  <testcase name="BeeKee_AgentApp_Invites_SentInvites_SearchPendingInviteUser" classname="com.beekee.testsuite.BeeKee_AgentApp_TestSuite_LoginWithDataUser">
    <skipped/>
  </testcase> <!-- BeeKee_AgentApp_Invites_SentInvites_SearchPendingInviteUser -->
  <system-out/>
  <testcase name="BeeKee_AgentApp_Invites_ReceiveInvites_ACCEPTALL" classname="com.beekee.testsuite.BeeKee_AgentApp_TestSuite_LoginWithDataUser">
    <skipped/>
  </testcase> <!-- BeeKee_AgentApp_Invites_ReceiveInvites_ACCEPTALL -->
  <system-out/>
  <testcase name="BeeKee_AgentApp_Invites_InviteEmailContact_AgentUser" classname="com.beekee.testsuite.BeeKee_AgentApp_TestSuite_LoginWithDataUser">
    <skipped/>
  </testcase> <!-- BeeKee_AgentApp_Invites_InviteEmailContact_AgentUser -->
  <system-out/>
  <testcase name="BeeKee_AgentApp_MyNetWork_HomeownerUserList" classname="com.beekee.testsuite.BeeKee_AgentApp_TestSuite_LoginWithDataUser">
    <skipped/>
  </testcase> <!-- BeeKee_AgentApp_MyNetWork_HomeownerUserList -->
  <system-out/>
  <testcase name="BeeKee_AgentApp_NavigateToSettings" classname="com.beekee.testsuite.BeeKee_AgentApp_TestSuite_LoginWithDataUser">
    <skipped/>
  </testcase> <!-- BeeKee_AgentApp_NavigateToSettings -->
  <system-out/>
  <testcase name="BeeKee_AgentApp_MyNetWork_ProfessionalUserList" classname="com.beekee.testsuite.BeeKee_AgentApp_TestSuite_LoginWithDataUser">
    <skipped/>
  </testcase> <!-- BeeKee_AgentApp_MyNetWork_ProfessionalUserList -->
  <system-out/>
  <testcase name="BeeKee_AgentApp_Invites_ReceiveInvites_ACCEPT" classname="com.beekee.testsuite.BeeKee_AgentApp_TestSuite_LoginWithDataUser">
    <skipped/>
  </testcase> <!-- BeeKee_AgentApp_Invites_ReceiveInvites_ACCEPT -->
  <system-out/>
  <testcase name="BeeKee_AgentApp_MyProfile_UpdateBusinessInfo" classname="com.beekee.testsuite.BeeKee_AgentApp_TestSuite_LoginWithDataUser">
    <skipped/>
  </testcase> <!-- BeeKee_AgentApp_MyProfile_UpdateBusinessInfo -->
  <system-out/>
  <testcase name="BeeKee_AgentApp_Invites_InviteEmailContact_Professional" classname="com.beekee.testsuite.BeeKee_AgentApp_TestSuite_LoginWithDataUser">
    <skipped/>
  </testcase> <!-- BeeKee_AgentApp_Invites_InviteEmailContact_Professional -->
  <system-out/>
  <testcase name="BeeKee_AgentApp_ReceivedInvites_FilterPendingInvites_FilterByUser" classname="com.beekee.testsuite.BeeKee_AgentApp_TestSuite_LoginWithDataUser">
    <skipped/>
  </testcase> <!-- BeeKee_AgentApp_ReceivedInvites_FilterPendingInvites_FilterByUser -->
  <system-out/>
  <testcase name="BeeKee_AgentApp_Invites_SentInvites_RESENDALL_CANCEL" classname="com.beekee.testsuite.BeeKee_AgentApp_TestSuite_LoginWithDataUser">
    <skipped/>
  </testcase> <!-- BeeKee_AgentApp_Invites_SentInvites_RESENDALL_CANCEL -->
  <system-out/>
  <testcase name="BeeKee_AgentApp_MyNetWork_AgentUserList" classname="com.beekee.testsuite.BeeKee_AgentApp_TestSuite_LoginWithDataUser">
    <skipped/>
  </testcase> <!-- BeeKee_AgentApp_MyNetWork_AgentUserList -->
  <system-out/>
  <testcase name="BeeKee_AgentApp_VerifySupport_PostQuestion" classname="com.beekee.testsuite.BeeKee_AgentApp_TestSuite_LoginWithDataUser">
    <skipped/>
  </testcase> <!-- BeeKee_AgentApp_VerifySupport_PostQuestion -->
  <system-out/>
  <testcase name="BeeKee_AgentApp_Invites_InvitePhoneContact_Professional" classname="com.beekee.testsuite.BeeKee_AgentApp_TestSuite_LoginWithDataUser">
    <skipped/>
  </testcase> <!-- BeeKee_AgentApp_Invites_InvitePhoneContact_Professional -->
  <system-out/>
  <testcase name="BeeKee_AgentApp_Invites_SentInvites_DELETE" classname="com.beekee.testsuite.BeeKee_AgentApp_TestSuite_LoginWithDataUser">
    <skipped/>
  </testcase> <!-- BeeKee_AgentApp_Invites_SentInvites_DELETE -->
  <system-out/>
  <testcase name="BeeKee_AgentApp_VerifySupport_WithoutInput" classname="com.beekee.testsuite.BeeKee_AgentApp_TestSuite_LoginWithDataUser">
    <skipped/>
  </testcase> <!-- BeeKee_AgentApp_VerifySupport_WithoutInput -->
  <system-out/>
  <testcase name="BeeKee_AgentApp_Invites_InvitePhoneContact_HomeOwner" classname="com.beekee.testsuite.BeeKee_AgentApp_TestSuite_LoginWithDataUser">
    <skipped/>
  </testcase> <!-- BeeKee_AgentApp_Invites_InvitePhoneContact_HomeOwner -->
  <system-out/>
</testsuite> <!-- com.beekee.testsuite.BeeKee_AgentApp_TestSuite_LoginWithDataUser -->
