<?xml version="1.0" encoding="UTF-8"?>
<!-- Generated by org.testng.reporters.JUnitReportReporter -->
<testsuite skipped="0" hostname="InfoMagnuss-MacBook-Pro.local" name="com.beekee.commonmethods.DriverClass" tests="1" failures="0" timestamp="2021-04-30T17:06:27 IST" time="10.498" errors="1">
  <testcase name="appLaunch" time="10.498" classname="com.beekee.commonmethods.DriverClass">
    <error type="org.openqa.selenium.WebDriverException" message="An unknown server-side error occurred while processing the command. Original error: No Chromedriver found that can automate Chrome &#039;69.0.3497&#039;. See https://github.com/appium/appium/blob/master/docs/en/writing-running-appium/web/chromedriver.md for more details. You could also try to enable automated chromedrivers download server feature (WARNING: The server did not provide any stacktrace information)
Command duration or timeout: 190 milliseconds
Build info: version: &#039;3.14.0&#039;, revision: &#039;aacccce0&#039;, time: &#039;2018-08-02T20:19:58.91Z&#039;
System info: host: &#039;InfoMagnuss-MacBook-Pro.local&#039;, ip: &#039;fe80:0:0:0:1c41:1192:675:7614%en0&#039;, os.name: &#039;Mac OS X&#039;, os.arch: &#039;x86_64&#039;, os.version: &#039;10.16&#039;, java.version: &#039;1.8.0_281&#039;
Driver info: io.appium.java_client.android.AndroidDriver
Capabilities [{appPackage=com.beekee.realestate, statBarHeight=84, noReset=true, viewportRect={top=84, left=0, width=1440, height=2708}, deviceName=emulator-5554, platform=LINUX, deviceUDID=emulator-5554, desired={app=/Users/infomagnusdevteam/BeeKee_IM/Beekee_Automation/apk/RE_QA_1_4_28.apk, appPackage=com.beekee.realestate, appActivity=com.beekee.realestate.MainActivity, noReset=true, platformVersion=8.1, autoGrantPermissions=true, autoWebview=false, chromeOptions={w3c=false}, platformName=Android, deviceName=Pixel_3_XL, resetKeyboard=false}, platformVersion=8.1.0, webStorageEnabled=false, takesScreenshot=true, javascriptEnabled=true, autoWebview=false, platformName=Android, deviceApiLevel=27, deviceManufacturer=Google, resetKeyboard=false, app=/Users/infomagnusdevteam/BeeKee_IM/Beekee_Automation/apk/RE_QA_1_4_28.apk, deviceScreenSize=1440x2960, networkConnectionEnabled=true, warnings={}, databaseEnabled=false, appActivity=com.beekee.realestate.MainActivity, pixelRatio=3.5, locationContextEnabled=false, autoGrantPermissions=true, deviceScreenDensity=560, deviceModel=Android SDK built for x86, chromeOptions={w3c=false}}]
Session ID: 69949d67-ddfc-4d3a-b9bf-9bf69a74d919">
      <![CDATA[org.openqa.selenium.WebDriverException: An unknown server-side error occurred while processing the command. Original error: No Chromedriver found that can automate Chrome '69.0.3497'. See https://github.com/appium/appium/blob/master/docs/en/writing-running-appium/web/chromedriver.md for more details. You could also try to enable automated chromedrivers download server feature (WARNING: The server did not provide any stacktrace information)
Command duration or timeout: 190 milliseconds
Build info: version: '3.14.0', revision: 'aacccce0', time: '2018-08-02T20:19:58.91Z'
System info: host: 'InfoMagnuss-MacBook-Pro.local', ip: 'fe80:0:0:0:1c41:1192:675:7614%en0', os.name: 'Mac OS X', os.arch: 'x86_64', os.version: '10.16', java.version: '1.8.0_281'
Driver info: io.appium.java_client.android.AndroidDriver
Capabilities [{appPackage=com.beekee.realestate, statBarHeight=84, noReset=true, viewportRect={top=84, left=0, width=1440, height=2708}, deviceName=emulator-5554, platform=LINUX, deviceUDID=emulator-5554, desired={app=/Users/infomagnusdevteam/BeeKee_IM/Beekee_Automation/apk/RE_QA_1_4_28.apk, appPackage=com.beekee.realestate, appActivity=com.beekee.realestate.MainActivity, noReset=true, platformVersion=8.1, autoGrantPermissions=true, autoWebview=false, chromeOptions={w3c=false}, platformName=Android, deviceName=Pixel_3_XL, resetKeyboard=false}, platformVersion=8.1.0, webStorageEnabled=false, takesScreenshot=true, javascriptEnabled=true, autoWebview=false, platformName=Android, deviceApiLevel=27, deviceManufacturer=Google, resetKeyboard=false, app=/Users/infomagnusdevteam/BeeKee_IM/Beekee_Automation/apk/RE_QA_1_4_28.apk, deviceScreenSize=1440x2960, networkConnectionEnabled=true, warnings={}, databaseEnabled=false, appActivity=com.beekee.realestate.MainActivity, pixelRatio=3.5, locationContextEnabled=false, autoGrantPermissions=true, deviceScreenDensity=560, deviceModel=Android SDK built for x86, chromeOptions={w3c=false}}]
Session ID: 69949d67-ddfc-4d3a-b9bf-9bf69a74d919
at sun.reflect.NativeConstructorAccessorImpl.newInstance0(Native Method)
at sun.reflect.NativeConstructorAccessorImpl.newInstance(NativeConstructorAccessorImpl.java:62)
at sun.reflect.DelegatingConstructorAccessorImpl.newInstance(DelegatingConstructorAccessorImpl.java:45)
at java.lang.reflect.Constructor.newInstance(Constructor.java:423)
at org.openqa.selenium.remote.ErrorHandler.createThrowable(ErrorHandler.java:216)
at org.openqa.selenium.remote.ErrorHandler.throwIfResponseFailed(ErrorHandler.java:168)
at org.openqa.selenium.remote.RemoteWebDriver.execute(RemoteWebDriver.java:635)
at io.appium.java_client.DefaultGenericMobileDriver.execute(DefaultGenericMobileDriver.java:40)
at io.appium.java_client.AppiumDriver.execute(AppiumDriver.java:1)
at io.appium.java_client.android.AndroidDriver.execute(AndroidDriver.java:1)
at io.appium.java_client.AppiumDriver.context(AppiumDriver.java:557)
at com.beekee.commonmethods.DriverClass.appLaunch(DriverClass.java:85)
at sun.reflect.NativeMethodAccessorImpl.invoke0(Native Method)
at sun.reflect.NativeMethodAccessorImpl.invoke(NativeMethodAccessorImpl.java:62)
at sun.reflect.DelegatingMethodAccessorImpl.invoke(DelegatingMethodAccessorImpl.java:43)
at java.lang.reflect.Method.invoke(Method.java:498)
at org.testng.internal.MethodInvocationHelper.invokeMethod(MethodInvocationHelper.java:132)
at org.testng.internal.TestInvoker.invokeMethod(TestInvoker.java:599)
at org.testng.internal.TestInvoker.invokeTestMethod(TestInvoker.java:174)
at org.testng.internal.MethodRunner.runInSequence(MethodRunner.java:46)
at org.testng.internal.TestInvoker$MethodInvocationAgent.invoke(TestInvoker.java:822)
at org.testng.internal.TestInvoker.invokeTestMethods(TestInvoker.java:147)
at org.testng.internal.TestMethodWorker.invokeTestMethods(TestMethodWorker.java:146)
at org.testng.internal.TestMethodWorker.run(TestMethodWorker.java:128)
at java.util.ArrayList.forEach(ArrayList.java:1259)
at org.testng.TestRunner.privateRun(TestRunner.java:764)
at org.testng.TestRunner.run(TestRunner.java:585)
at org.testng.SuiteRunner.runTest(SuiteRunner.java:384)
at org.testng.SuiteRunner.runSequentially(SuiteRunner.java:378)
at org.testng.SuiteRunner.privateRun(SuiteRunner.java:337)
at org.testng.SuiteRunner.run(SuiteRunner.java:286)
at org.testng.SuiteRunnerWorker.runSuite(SuiteRunnerWorker.java:53)
at org.testng.SuiteRunnerWorker.run(SuiteRunnerWorker.java:96)
at org.testng.TestNG.runSuitesSequentially(TestNG.java:1218)
at org.testng.TestNG.runSuitesLocally(TestNG.java:1140)
at org.testng.TestNG.runSuites(TestNG.java:1069)
at org.testng.TestNG.run(TestNG.java:1037)
at org.testng.remote.AbstractRemoteTestNG.run(AbstractRemoteTestNG.java:115)
at org.testng.remote.RemoteTestNG.initAndRun(RemoteTestNG.java:251)
at org.testng.remote.RemoteTestNG.main(RemoteTestNG.java:77)
]]>
    </error>
  </testcase> <!-- appLaunch -->
  <system-out/>
</testsuite> <!-- com.beekee.commonmethods.DriverClass -->
