<?xml version="1.0" encoding="UTF-8"?>
<!-- Generated by org.testng.reporters.JUnitReportReporter -->
<testsuite skipped="0" hostname="InfoMagnuss-MacBook-Pro.local" name="com.beekee.page.Beekee_MyNetwork" tests="1" failures="0" timestamp="2021-04-18T15:30:55 IST" time="13.002" errors="0">
  <testcase name="Test" time="13.002" classname="com.beekee.page.Beekee_MyNetwork"/>
  <system-out>
STEP1  </system-out>
</testsuite> <!-- com.beekee.page.Beekee_MyNetwork -->
