<?xml version="1.0" encoding="UTF-8"?>
<!-- Generated by org.testng.reporters.JUnitReportReporter -->
<testsuite skipped="0" hostname="InfoMagnuss-MacBook-Pro.local" name="com.beekee.agentapp.BeeKee_AgentApp_Invites_InvitePhoneContact" tests="3" failures="0" timestamp="2021-04-18T16:49:26 IST" time="70.781" errors="0">
  <testcase name="BeeKee_AgentApp_Invites_InvitePhoneContact_AgentUser" time="27.666" classname="com.beekee.agentapp.BeeKee_AgentApp_Invites_InvitePhoneContact"/>
  <system-out>
STEP8 STEP9 STEP10 STEP11 STEP12 STEP13 STEP14 STEP15 STEP16 STEP17 STEP18 STEP19 STEP20 STEP21 STEP22 STEP23 STEP24 STEP25 STEP26 STEP27 STEP28  </system-out>
  <testcase name="BeeKee_AgentApp_Invites_InvitePhoneContact_HomeOwner" time="21.572" classname="com.beekee.agentapp.BeeKee_AgentApp_Invites_InvitePhoneContact"/>
  <system-out>
STEP29 STEP30 STEP31 STEP32 STEP33 STEP34 STEP35 STEP36 STEP37 STEP38 STEP39 STEP40 STEP41 STEP42 STEP43  </system-out>
  <testcase name="BeeKee_AgentApp_Invites_InvitePhoneContact_Professional" time="21.543" classname="com.beekee.agentapp.BeeKee_AgentApp_Invites_InvitePhoneContact"/>
  <system-out>
STEP44 STEP45 STEP46 STEP47 STEP48 STEP49 STEP50 STEP51 STEP52 STEP53 STEP54 STEP55 STEP56 STEP57 STEP58  </system-out>
</testsuite> <!-- com.beekee.agentapp.BeeKee_AgentApp_Invites_InvitePhoneContact -->
