<?xml version="1.0" encoding="UTF-8"?>
<!-- Generated by org.testng.reporters.JUnitReportReporter -->
<testsuite skipped="8" hostname="ITPL105" name="com.beekee.testsuite.BeeKee_AgentApp_TestSuite2" tests="9" failures="0" timestamp="2021-04-12T11:07:55 IST" time="32.661" errors="0">
  <testcase name="BeeKee_AgentApp_SignIn_Save_Username_Password" time="32.661" classname="com.beekee.testsuite.BeeKee_AgentApp_TestSuite2"/>
  <system-out>
STEP1 STEP2 STEP3 STEP4 STEP5 STEP6 STEP7 STEP8 STEP9 STEP10 STEP11 STEP12 STEP13 STEP14 STEP15 STEP16 STEP17  </system-out>
  <testcase name="BeeKee_AgentApp_signIn_Valid_Username_InValid_Password" classname="com.beekee.testsuite.BeeKee_AgentApp_TestSuite2">
    <skipped/>
  </testcase> <!-- BeeKee_AgentApp_signIn_Valid_Username_InValid_Password -->
  <system-out/>
  <testcase name="BeeKee_AgentApp_signIn_Invalid_Username_Valid_Password" classname="com.beekee.testsuite.BeeKee_AgentApp_TestSuite2">
    <skipped/>
  </testcase> <!-- BeeKee_AgentApp_signIn_Invalid_Username_Valid_Password -->
  <system-out/>
  <testcase name="BeeKee_AgentApp_signIn_Only_Password" classname="com.beekee.testsuite.BeeKee_AgentApp_TestSuite2">
    <skipped/>
  </testcase> <!-- BeeKee_AgentApp_signIn_Only_Password -->
  <system-out/>
  <testcase name="BeeKee_AgentApp_SignIn_Cancel_EditUsername" classname="com.beekee.testsuite.BeeKee_AgentApp_TestSuite2">
    <skipped/>
  </testcase> <!-- BeeKee_AgentApp_SignIn_Cancel_EditUsername -->
  <system-out/>
  <testcase name="BeeKee_AgentApp_SignIn_ShowHidePassword" classname="com.beekee.testsuite.BeeKee_AgentApp_TestSuite2">
    <skipped/>
  </testcase> <!-- BeeKee_AgentApp_SignIn_ShowHidePassword -->
  <system-out/>
  <testcase name="BeeKee_AgentApp_signIn_Only_Username" classname="com.beekee.testsuite.BeeKee_AgentApp_TestSuite2">
    <skipped/>
  </testcase> <!-- BeeKee_AgentApp_signIn_Only_Username -->
  <system-out/>
  <testcase name="BeeKee_AgentApp_signIn_Empty_Username_Password" classname="com.beekee.testsuite.BeeKee_AgentApp_TestSuite2">
    <skipped/>
  </testcase> <!-- BeeKee_AgentApp_signIn_Empty_Username_Password -->
  <system-out/>
  <testcase name="BeeKee_AgentApp_signIn_Invalid_Username_Password" classname="com.beekee.testsuite.BeeKee_AgentApp_TestSuite2">
    <skipped/>
  </testcase> <!-- BeeKee_AgentApp_signIn_Invalid_Username_Password -->
  <system-out/>
</testsuite> <!-- com.beekee.testsuite.BeeKee_AgentApp_TestSuite2 -->
