<?xml version="1.0" encoding="UTF-8"?>
<!-- Generated by org.testng.reporters.JUnitReportReporter -->
<testsuite skipped="8" hostname="ITPL105" name="com.beekee.agentapp.BeeKee_AgentApp_Navigations" tests="10" failures="0" timestamp="2021-04-13T20:15:19 IST" time="48.370" errors="0">
  <testcase name="BeeKee_AgentApp_NavigateToPrivacyPolicyFromSignInPage" time="32.319" classname="com.beekee.agentapp.BeeKee_AgentApp_Navigations"/>
  <system-out>
STEP1 STEP2 STEP3 STEP4  </system-out>
  <testcase name="BeeKee_AgentApp_NavigateToTermsAndConditionsFromSignInPage" time="16.051" classname="com.beekee.agentapp.BeeKee_AgentApp_Navigations"/>
  <system-out>
STEP5 STEP6 STEP7 STEP8  </system-out>
  <testcase name="BeeKee_AgentApp_NavigateToMyProfile" classname="com.beekee.agentapp.BeeKee_AgentApp_Navigations">
    <skipped/>
  </testcase> <!-- BeeKee_AgentApp_NavigateToMyProfile -->
  <system-out/>
  <testcase name="BeeKee_AgentApp_NavigateToSettings" classname="com.beekee.agentapp.BeeKee_AgentApp_Navigations">
    <skipped/>
  </testcase> <!-- BeeKee_AgentApp_NavigateToSettings -->
  <system-out/>
  <testcase name="BeeKee_AgentApp_NavigateToMyGallery" classname="com.beekee.agentapp.BeeKee_AgentApp_Navigations">
    <skipped/>
  </testcase> <!-- BeeKee_AgentApp_NavigateToMyGallery -->
  <system-out/>
  <testcase name="BeeKee_AgentApp_NavigateToFAQ" classname="com.beekee.agentapp.BeeKee_AgentApp_Navigations">
    <skipped/>
  </testcase> <!-- BeeKee_AgentApp_NavigateToFAQ -->
  <system-out/>
  <testcase name="BeeKee_AgentApp_NavigateToTermsAndConditions" classname="com.beekee.agentapp.BeeKee_AgentApp_Navigations">
    <skipped/>
  </testcase> <!-- BeeKee_AgentApp_NavigateToTermsAndConditions -->
  <system-out/>
  <testcase name="BeeKee_AgentApp_HumbargMenu_VerifyOptions" classname="com.beekee.agentapp.BeeKee_AgentApp_Navigations">
    <skipped/>
  </testcase> <!-- BeeKee_AgentApp_HumbargMenu_VerifyOptions -->
  <system-out/>
  <testcase name="BeeKee_AgentApp_NavigateToPrivacyPolicy" classname="com.beekee.agentapp.BeeKee_AgentApp_Navigations">
    <skipped/>
  </testcase> <!-- BeeKee_AgentApp_NavigateToPrivacyPolicy -->
  <system-out/>
  <testcase name="BeeKee_AgentApp_NavigateToDashboard" classname="com.beekee.agentapp.BeeKee_AgentApp_Navigations">
    <skipped/>
  </testcase> <!-- BeeKee_AgentApp_NavigateToDashboard -->
  <system-out/>
</testsuite> <!-- com.beekee.agentapp.BeeKee_AgentApp_Navigations -->
