<?xml version="1.0" encoding="UTF-8"?>
<!-- Generated by org.testng.reporters.JUnitReportReporter -->
<testsuite skipped="6" hostname="InfoMagnuss-MacBook-Pro.local" name="com.beekee.agentapp.BeeKee_AgentApp_ForgotPassword" tests="7" failures="1" timestamp="2021-04-17T23:26:11 IST" time="37.646" errors="0">
  <testcase name="BeeKee_AgentApp_ForgotPassword_DifferentPasswordInput" time="37.646" classname="com.beekee.agentapp.BeeKee_AgentApp_ForgotPassword">
    <failure type="java.lang.AssertionError" message="Unable to reset password, Please correct the password">
      <![CDATA[java.lang.AssertionError: Unable to reset password, Please correct the password
at org.testng.Assert.fail(Assert.java:99)
at com.beekee.helpers.BeeKee_AccountVerification.accountVerification(BeeKee_AccountVerification.java:129)
at com.beekee.page.BeeKee_ForgotPasswordPage.verifyForgotPassword(BeeKee_ForgotPasswordPage.java:31)
at com.beekee.agentapp.BeeKee_AgentApp_ForgotPassword.BeeKee_AgentApp_ForgotPassword_DifferentPasswordInput(BeeKee_AgentApp_ForgotPassword.java:119)
at sun.reflect.NativeMethodAccessorImpl.invoke0(Native Method)
at sun.reflect.NativeMethodAccessorImpl.invoke(NativeMethodAccessorImpl.java:62)
at sun.reflect.DelegatingMethodAccessorImpl.invoke(DelegatingMethodAccessorImpl.java:43)
at java.lang.reflect.Method.invoke(Method.java:498)
at org.testng.internal.MethodInvocationHelper.invokeMethod(MethodInvocationHelper.java:132)
at org.testng.internal.TestInvoker.invokeMethod(TestInvoker.java:599)
at org.testng.internal.TestInvoker.invokeTestMethod(TestInvoker.java:174)
at org.testng.internal.MethodRunner.runInSequence(MethodRunner.java:46)
at org.testng.internal.TestInvoker$MethodInvocationAgent.invoke(TestInvoker.java:822)
at org.testng.internal.TestInvoker.invokeTestMethods(TestInvoker.java:147)
at org.testng.internal.TestMethodWorker.invokeTestMethods(TestMethodWorker.java:146)
at org.testng.internal.TestMethodWorker.run(TestMethodWorker.java:128)
at java.util.ArrayList.forEach(ArrayList.java:1259)
at org.testng.TestRunner.privateRun(TestRunner.java:764)
at org.testng.TestRunner.run(TestRunner.java:585)
at org.testng.SuiteRunner.runTest(SuiteRunner.java:384)
at org.testng.SuiteRunner.runSequentially(SuiteRunner.java:378)
at org.testng.SuiteRunner.privateRun(SuiteRunner.java:337)
at org.testng.SuiteRunner.run(SuiteRunner.java:286)
at org.testng.SuiteRunnerWorker.runSuite(SuiteRunnerWorker.java:53)
at org.testng.SuiteRunnerWorker.run(SuiteRunnerWorker.java:96)
at org.testng.TestNG.runSuitesSequentially(TestNG.java:1218)
at org.testng.TestNG.runSuitesLocally(TestNG.java:1140)
at org.testng.TestNG.runSuites(TestNG.java:1069)
at org.testng.TestNG.run(TestNG.java:1037)
at org.testng.remote.AbstractRemoteTestNG.run(AbstractRemoteTestNG.java:115)
at org.testng.remote.RemoteTestNG.initAndRun(RemoteTestNG.java:251)
at org.testng.remote.RemoteTestNG.main(RemoteTestNG.java:77)
]]>
    </failure>
  </testcase> <!-- BeeKee_AgentApp_ForgotPassword_DifferentPasswordInput -->
  <system-out>
STEP1 STEP2 STEP3 STEP4 STEP5 STEP6 STEP7 STEP8 STEP9 STEP10 STEP11 STEP12 STEP13 STEP14 STEP15 STEP16 STEP17 STEP18 STEP19 STEP20 STEP21 STEP22 STEP23 STEP24 STEP25  </system-out>
  <testcase name="BeeKee_AgentApp_ForgotPassword_NoUserExists" classname="com.beekee.agentapp.BeeKee_AgentApp_ForgotPassword">
    <skipped/>
  </testcase> <!-- BeeKee_AgentApp_ForgotPassword_NoUserExists -->
  <system-out/>
  <testcase name="BeeKee_AgentApp_ForgotPassword_CodeExpiredAccountVerification" classname="com.beekee.agentapp.BeeKee_AgentApp_ForgotPassword">
    <skipped/>
  </testcase> <!-- BeeKee_AgentApp_ForgotPassword_CodeExpiredAccountVerification -->
  <system-out/>
  <testcase name="BeeKee_AgentApp_ForgotPassword_ValidAccountVerification" classname="com.beekee.agentapp.BeeKee_AgentApp_ForgotPassword">
    <skipped/>
  </testcase> <!-- BeeKee_AgentApp_ForgotPassword_ValidAccountVerification -->
  <system-out/>
  <testcase name="BeeKee_AgentApp_ForgotPassword_ResendAccountVerification" classname="com.beekee.agentapp.BeeKee_AgentApp_ForgotPassword">
    <skipped/>
  </testcase> <!-- BeeKee_AgentApp_ForgotPassword_ResendAccountVerification -->
  <system-out/>
  <testcase name="BeeKee_AgentApp_ForgotPassword_SamePasswordInput" classname="com.beekee.agentapp.BeeKee_AgentApp_ForgotPassword">
    <skipped/>
  </testcase> <!-- BeeKee_AgentApp_ForgotPassword_SamePasswordInput -->
  <system-out/>
  <testcase name="BeeKee_AgentApp_ForgotPassword_InvalidAccountVerification" classname="com.beekee.agentapp.BeeKee_AgentApp_ForgotPassword">
    <skipped/>
  </testcase> <!-- BeeKee_AgentApp_ForgotPassword_InvalidAccountVerification -->
  <system-out/>
</testsuite> <!-- com.beekee.agentapp.BeeKee_AgentApp_ForgotPassword -->
