<?xml version="1.0" encoding="UTF-8"?>
<!-- Generated by org.testng.reporters.JUnitReportReporter -->
<testsuite skipped="5" hostname="InfoMagnuss-MacBook-Pro.local" name="com.beekee.testsuite.BeeKee_AgentApp_TestSuite_LoginWithNewUser" tests="6" failures="0" timestamp="2021-04-20T08:58:49 IST" time="95.053" errors="0">
  <testcase name="BeeKee_AgentApp_MyNetWork_InvitePhoneContact_Agent" time="95.053" classname="com.beekee.testsuite.BeeKee_AgentApp_TestSuite_LoginWithNewUser"/>
  <system-out>
STEP6 STEP7 STEP8 STEP9 STEP10 STEP11 STEP12 STEP13 STEP14 STEP15 STEP16 STEP17 STEP18 STEP19 STEP20 STEP21 STEP22 STEP23  </system-out>
  <testcase name="BeeKee_AgentApp_MyNetWork_InviteEmailContact_HomeOwner" classname="com.beekee.testsuite.BeeKee_AgentApp_TestSuite_LoginWithNewUser">
    <skipped/>
  </testcase> <!-- BeeKee_AgentApp_MyNetWork_InviteEmailContact_HomeOwner -->
  <system-out/>
  <testcase name="BeeKee_AgentApp_MyNetWork_InvitePhoneContact_Professionals" classname="com.beekee.testsuite.BeeKee_AgentApp_TestSuite_LoginWithNewUser">
    <skipped/>
  </testcase> <!-- BeeKee_AgentApp_MyNetWork_InvitePhoneContact_Professionals -->
  <system-out/>
  <testcase name="BeeKee_AgentApp_MyNetWork_InvitePhoneContact_HomeOwner" classname="com.beekee.testsuite.BeeKee_AgentApp_TestSuite_LoginWithNewUser">
    <skipped/>
  </testcase> <!-- BeeKee_AgentApp_MyNetWork_InvitePhoneContact_HomeOwner -->
  <system-out/>
  <testcase name="BeeKee_AgentApp_MyNetWork_InviteEmailContact_Agent" classname="com.beekee.testsuite.BeeKee_AgentApp_TestSuite_LoginWithNewUser">
    <skipped/>
  </testcase> <!-- BeeKee_AgentApp_MyNetWork_InviteEmailContact_Agent -->
  <system-out/>
  <testcase name="BeeKee_AgentApp_MyNetWork_InviteEmailContact_Professionals" classname="com.beekee.testsuite.BeeKee_AgentApp_TestSuite_LoginWithNewUser">
    <skipped/>
  </testcase> <!-- BeeKee_AgentApp_MyNetWork_InviteEmailContact_Professionals -->
  <system-out/>
</testsuite> <!-- com.beekee.testsuite.BeeKee_AgentApp_TestSuite_LoginWithNewUser -->
