<?xml version="1.0" encoding="UTF-8"?>
<!-- Generated by org.testng.reporters.JUnitReportReporter -->
<testsuite skipped="0" hostname="InfoMagnuss-MacBook-Pro.local" name="com.beekee.page.BeeKee_SupportPage" tests="1" failures="0" timestamp="2021-04-18T19:42:32 IST" time="22.220" errors="0">
  <testcase name="TT" time="22.220" classname="com.beekee.page.BeeKee_SupportPage"/>
  <system-out>
STEP1 STEP2 STEP3 STEP4 STEP5 STEP6 STEP7 STEP8  </system-out>
</testsuite> <!-- com.beekee.page.BeeKee_SupportPage -->
