<?xml version="1.0" encoding="UTF-8"?>
<!-- Generated by org.testng.reporters.JUnitReportReporter -->
<testsuite skipped="0" hostname="InfoMagnuss-MacBook-Pro.local" name="TestJava" tests="1" failures="0" timestamp="2021-04-21T18:33:56 IST" time="37.509" errors="0">
  <testcase name="TT" time="37.509" classname="TestJava"/>
  <system-out>
STEP1 STEP2 STEP3 STEP4 STEP5  </system-out>
</testsuite> <!-- TestJava -->
