<?xml version="1.0" encoding="UTF-8"?>
<!-- Generated by org.testng.reporters.JUnitReportReporter -->
<testsuite skipped="0" hostname="InfoMagnuss-MacBook-Pro.local" name="grouping" tests="4" failures="0" timestamp="2021-04-18T18:44:56 IST" time="0.007" errors="0">
  <testcase name="T3" time="0.001" classname="grouping"/>
  <system-out/>
  <testcase name="T1" time="0.006" classname="grouping"/>
  <system-out/>
  <testcase name="T4" time="0.000" classname="grouping"/>
  <system-out/>
  <testcase name="T2" time="0.000" classname="grouping"/>
  <system-out/>
</testsuite> <!-- grouping -->
