<?xml version="1.0" encoding="UTF-8"?>
<!-- Generated by org.testng.reporters.JUnitReportReporter -->
<testsuite skipped="0" hostname="InfoMagnuss-MacBook-Pro.local" name="TestProperties" tests="1" failures="0" timestamp="2021-04-19T15:55:24 IST" time="0.009" errors="0">
  <testcase name="T" time="0.009" classname="TestProperties"/>
  <system-out/>
</testsuite> <!-- TestProperties -->
