<?xml version="1.0" encoding="UTF-8"?>
<!-- Generated by org.testng.reporters.JUnitReportReporter -->
<testsuite skipped="11" hostname="InfoMagnuss-MacBook-Pro.local" name="com.beekee.testsuite.Beekee_AgentApp_Gallery" tests="12" failures="0" timestamp="2021-04-19T23:31:38 IST" time="39.848" errors="1">
  <testcase name="Beekee_AgentApp_MaybeLater" time="0.000" classname="com.beekee.testsuite.Beekee_AgentApp_Gallery">
    <skipped/>
  </testcase> <!-- Beekee_AgentApp_MaybeLater -->
  <system-out/>
  <testcase name="BeeKee_AgentApp_launchApplication" time="39.848" classname="com.beekee.testsuite.Beekee_AgentApp_Gallery">
    <error type="java.lang.ArrayIndexOutOfBoundsException" message="1">
      <![CDATA[java.lang.ArrayIndexOutOfBoundsException: 1
at com.beekee.commonmethods.DriverClass.appLaunch(DriverClass.java:83)
at com.beekee.testsuite.Beekee_AgentApp_Gallery.BeeKee_AgentApp_launchApplication(Beekee_AgentApp_Gallery.java:29)
at sun.reflect.NativeMethodAccessorImpl.invoke0(Native Method)
at sun.reflect.NativeMethodAccessorImpl.invoke(NativeMethodAccessorImpl.java:62)
at sun.reflect.DelegatingMethodAccessorImpl.invoke(DelegatingMethodAccessorImpl.java:43)
at java.lang.reflect.Method.invoke(Method.java:498)
at org.testng.internal.MethodInvocationHelper.invokeMethod(MethodInvocationHelper.java:132)
at org.testng.internal.MethodInvocationHelper.invokeMethodConsideringTimeout(MethodInvocationHelper.java:61)
at org.testng.internal.ConfigInvoker.invokeConfigurationMethod(ConfigInvoker.java:366)
at org.testng.internal.ConfigInvoker.invokeConfigurations(ConfigInvoker.java:320)
at org.testng.TestRunner.invokeTestConfigurations(TestRunner.java:617)
at org.testng.TestRunner.beforeRun(TestRunner.java:607)
at org.testng.TestRunner.run(TestRunner.java:578)
at org.testng.SuiteRunner.runTest(SuiteRunner.java:384)
at org.testng.SuiteRunner.runSequentially(SuiteRunner.java:378)
at org.testng.SuiteRunner.privateRun(SuiteRunner.java:337)
at org.testng.SuiteRunner.run(SuiteRunner.java:286)
at org.testng.SuiteRunnerWorker.runSuite(SuiteRunnerWorker.java:53)
at org.testng.SuiteRunnerWorker.run(SuiteRunnerWorker.java:96)
at org.testng.TestNG.runSuitesSequentially(TestNG.java:1218)
at org.testng.TestNG.runSuitesLocally(TestNG.java:1140)
at org.testng.TestNG.runSuites(TestNG.java:1069)
at org.testng.TestNG.run(TestNG.java:1037)
at org.testng.remote.AbstractRemoteTestNG.run(AbstractRemoteTestNG.java:115)
at org.testng.remote.RemoteTestNG.initAndRun(RemoteTestNG.java:251)
at org.testng.remote.RemoteTestNG.main(RemoteTestNG.java:77)
]]>
    </error>
  </testcase> <!-- BeeKee_AgentApp_launchApplication -->
  <system-out/>
  <testcase name="BeeKee_AgentApp_Camera" time="0.000" classname="com.beekee.testsuite.Beekee_AgentApp_Gallery">
    <skipped/>
  </testcase> <!-- BeeKee_AgentApp_Camera -->
  <system-out/>
  <testcase name="BeeKee_AgentApp_Gallery" time="0.000" classname="com.beekee.testsuite.Beekee_AgentApp_Gallery">
    <skipped/>
  </testcase> <!-- BeeKee_AgentApp_Gallery -->
  <system-out/>
  <testcase name="BeeKee_AgentApp_GalleryExceedPhotoLimit" time="0.000" classname="com.beekee.testsuite.Beekee_AgentApp_Gallery">
    <skipped/>
  </testcase> <!-- BeeKee_AgentApp_GalleryExceedPhotoLimit -->
  <system-out/>
  <testcase name="BeeKee_AgentApp_RemovePhotos" time="0.000" classname="com.beekee.testsuite.Beekee_AgentApp_Gallery">
    <skipped/>
  </testcase> <!-- BeeKee_AgentApp_RemovePhotos -->
  <system-out/>
  <testcase name="BeeKee_AgentApp_VideosminTime" time="0.000" classname="com.beekee.testsuite.Beekee_AgentApp_Gallery">
    <skipped/>
  </testcase> <!-- BeeKee_AgentApp_VideosminTime -->
  <system-out/>
  <testcase name="BeeKee_AgentApp_VideosMaxTime" time="0.000" classname="com.beekee.testsuite.Beekee_AgentApp_Gallery">
    <skipped/>
  </testcase> <!-- BeeKee_AgentApp_VideosMaxTime -->
  <system-out/>
  <testcase name="BeeKee_AgentApp_GalleryMorethanMaxVideo" time="0.000" classname="com.beekee.testsuite.Beekee_AgentApp_Gallery">
    <skipped/>
  </testcase> <!-- BeeKee_AgentApp_GalleryMorethanMaxVideo -->
  <system-out/>
  <testcase name="BeeKee_AgentApp_GalleryVideos" time="0.000" classname="com.beekee.testsuite.Beekee_AgentApp_Gallery">
    <skipped/>
  </testcase> <!-- BeeKee_AgentApp_GalleryVideos -->
  <system-out/>
  <testcase name="BeeKee_AgentApp_GalleryMaxLengthVideo" time="0.000" classname="com.beekee.testsuite.Beekee_AgentApp_Gallery">
    <skipped/>
  </testcase> <!-- BeeKee_AgentApp_GalleryMaxLengthVideo -->
  <system-out/>
  <testcase name="BeeKee_AgentApp_RemoveVideos" time="0.000" classname="com.beekee.testsuite.Beekee_AgentApp_Gallery">
    <skipped/>
  </testcase> <!-- BeeKee_AgentApp_RemoveVideos -->
  <system-out/>
</testsuite> <!-- com.beekee.testsuite.Beekee_AgentApp_Gallery -->
